<?xml version="1.0" encoding="UTF-8"?>
<testsuite xmlns:xsi="http://www.w3.org/2001/XMLSchema-instance" xsi:noNamespaceSchemaLocation="https://maven.apache.org/surefire/maven-surefire-plugin/xsd/surefire-test-report-3.0.xsd" version="3.0" name="com.bishe.AuditMigrationTest" time="13.645" tests="1" errors="0" skipped="0" failures="0">
  <properties>
[...]
</properties>
  <testcase name="createAuditTables" classname="com.bishe.AuditMigrationTest" time="3.011">
    <system-out><![CDATA[22:11:59.587 [main] INFO org.springframework.test.context.support.AnnotationConfigContextLoaderUtils -- Could not detect default configuration classes for test class [com.bishe.AuditMigrationTest]: AuditMigrationTest does not declare any static, non-private, non-final, nested classes annotated with @Configuration.
22:11:59.847 [main] INFO org.springframework.boot.test.context.SpringBootTestContextBootstrapper -- Found @SpringBootConfiguration com.bishe.BisheApplication for test class com.bishe.AuditMigrationTest
22:12:00.282 [main] INFO org.springframework.boot.devtools.restart.RestartApplicationListener -- Restart disabled due to context in which it is running

  .   ____          _            __ _ _
 /\\ / ___'_ __ _ _(_)_ __  __ _ \ \ \ \
( ( )\___ | '_ | '_| | '_ \/ _` | \ \ \ \
 \\/  ___)| |_)| | | | | || (_| |  ) ) ) )
  '  |____| .__|_| |_|_| |_\__, | / / / /
 =========|_|==============|___/=/_/_/_/
 :: Spring Boot ::                (v3.2.3)

2025-12-26T22:12:01.067+08:00  INFO 42724 --- [bishe-backend] [           main] com.bishe.AuditMigrationTest             : Starting AuditMigrationTest using Java 19.0.2 with PID 42724 (started by mhy2005 in D:\project\bishe\backend)
2025-12-26T22:12:01.069+08:00 DEBUG 42724 --- [bishe-backend] [           main] com.bishe.AuditMigrationTest             : Running with Spring Boot v3.2.3, Spring v6.1.4
2025-12-26T22:12:01.070+08:00  INFO 42724 --- [bishe-backend] [           main] com.bishe.AuditMigrationTest             : The following 1 profile is active: "dev"
Logging initialized using 'class org.apache.ibatis.logging.stdout.StdOutImpl' adapter.
Initialization Sequence datacenterId:29 workerId:20
 _ _   |_  _ _|_. ___ _ |    _ 
| | |\/|_)(_| | |_\  |_)||_|_\ 
     /               |         
                        3.5.5 
2025-12-26T22:12:09.643+08:00  INFO 42724 --- [bishe-backend] [           main] com.bishe.AuditMigrationTest             : Started AuditMigrationTest in 9.395 seconds (process running for 11.645)
2025-12-26T22:12:12.242+08:00  INFO 42724 --- [bishe-backend] [           main] com.zaxxer.hikari.HikariDataSource       : DatebookHikariCP - Starting...
2025-12-26T22:12:12.615+08:00  INFO 42724 --- [bishe-backend] [           main] com.zaxxer.hikari.pool.HikariPool        : DatebookHikariCP - Added connection com.mysql.cj.jdbc.ConnectionImpl@5c2a3f0c
2025-12-26T22:12:12.618+08:00  INFO 42724 --- [bishe-backend] [           main] com.zaxxer.hikari.HikariDataSource       : DatebookHikariCP - Start completed.
Created sys_audit table
Created sales_record table
Added status to maintenance_record
]]></system-out>
  </testcase>
</testsuite>