<?xml version="1.0" encoding="UTF-8"?>
<testsuite xmlns:xsi="http://www.w3.org/2001/XMLSchema-instance" xsi:noNamespaceSchemaLocation="https://maven.apache.org/surefire/maven-surefire-plugin/xsd/surefire-test-report-3.0.xsd" version="3.0" name="com.bishe.AuditMigrationTest" time="15.476" tests="1" errors="0" skipped="0" failures="0">
  <properties>
[...]
</properties>
  <testcase name="createAuditTables" classname="com.bishe.AuditMigrationTest" time="2.778">
    <system-out><![CDATA[06:08:54.847 [main] INFO org.springframework.test.context.support.AnnotationConfigContextLoaderUtils -- Could not detect default configuration classes for test class [com.bishe.AuditMigrationTest]: AuditMigrationTest does not declare any static, non-private, non-final, nested classes annotated with @Configuration.
06:08:55.098 [main] INFO org.springframework.boot.test.context.SpringBootTestContextBootstrapper -- Found @SpringBootConfiguration com.bishe.BisheApplication for test class com.bishe.AuditMigrationTest
06:08:55.511 [main] INFO org.springframework.boot.devtools.restart.RestartApplicationListener -- Restart disabled due to context in which it is running

  .   ____          _            __ _ _
 /\\ / ___'_ __ _ _(_)_ __  __ _ \ \ \ \
( ( )\___ | '_ | '_| | '_ \/ _` | \ \ \ \
 \\/  ___)| |_)| | | | | || (_| |  ) ) ) )
  '  |____| .__|_| |_|_| |_\__, | / / / /
 =========|_|==============|___/=/_/_/_/
 :: Spring Boot ::                (v3.2.3)

2025-12-28T06:08:56.265+08:00  INFO 35852 --- [bishe-backend] [           main] com.bishe.AuditMigrationTest             : Starting AuditMigrationTest using Java 19.0.2 with PID 35852 (started by mhy2005 in D:\project\bishe\backend)
2025-12-28T06:08:56.266+08:00 DEBUG 35852 --- [bishe-backend] [           main] com.bishe.AuditMigrationTest             : Running with Spring Boot v3.2.3, Spring v6.1.4
2025-12-28T06:08:56.268+08:00  INFO 35852 --- [bishe-backend] [           main] com.bishe.AuditMigrationTest             : The following 1 profile is active: "dev"
Logging initialized using 'class org.apache.ibatis.logging.stdout.StdOutImpl' adapter.
Initialization Sequence datacenterId:29 workerId:12
 _ _   |_  _ _|_. ___ _ |    _ 
| | |\/|_)(_| | |_\  |_)||_|_\ 
     /               |         
                        3.5.5 
2025-12-28T06:09:05.732+08:00  INFO 35852 --- [bishe-backend] [           main] com.bishe.AuditMigrationTest             : Started AuditMigrationTest in 10.252 seconds (process running for 12.506)
2025-12-28T06:09:05.806+08:00  INFO 35852 --- [bishe-backend] [           main] com.zaxxer.hikari.HikariDataSource       : DatebookHikariCP - Starting...
2025-12-28T06:09:06.986+08:00  INFO 35852 --- [bishe-backend] [           main] com.zaxxer.hikari.pool.HikariPool        : DatebookHikariCP - Added connection com.mysql.cj.jdbc.ConnectionImpl@7114e780
2025-12-28T06:09:06.991+08:00  INFO 35852 --- [bishe-backend] [           main] com.zaxxer.hikari.HikariDataSource       : DatebookHikariCP - Start completed.
Created sys_audit table
Created sales_record table
Creating a new SqlSession
SqlSession [org.apache.ibatis.session.defaults.DefaultSqlSession@11069eac] was not registered for synchronization because synchronization is not active
JDBC Connection [HikariProxyConnection@64797628 wrapping com.mysql.cj.jdbc.ConnectionImpl@7114e780] will not be managed by Spring
==>  Preparing: SELECT COUNT(*) AS total FROM sales_record
==> Parameters: 
<==    Columns: total
<==        Row: 8
<==      Total: 1
==>  Preparing: SELECT sales_id,battery_id,buyer_name,sales_price,sales_date,sales_person,status,audit_opinion,material_desc,material_url,tx_hash FROM sales_record LIMIT ?
==> Parameters: 10(Long)
<==    Columns: sales_id, battery_id, buyer_name, sales_price, sales_date, sales_person, status, audit_opinion, material_desc, material_url, tx_hash
<==        Row: 1, BAT-202512-0001, 张三, 49999.00, 2025-12-18 09:20:00, tesla_sh, 1, null, null, <<BLOB>>, 0x33f40f3e1ec0b6a856dae736c3db759486f7dccab3b69969c9e9917a61924f4d
<==        Row: 2, BAT-202512-0002, 张三, 45999.00, 2025-12-18 09:35:00, tesla_sh, 1, null, null, <<BLOB>>, 0xe45a714926e5ea4bdff9011999910014c210549f7f4f87ee7f1014afc24d5a1e
<==        Row: 3, BAT-202512-0003, 李四, 42999.00, 2025-12-19 15:10:00, tesla_sh, 1, null, null, <<BLOB>>, 0x0cd8f1676569106fa268039f96d736fa0ebc9571ba5b12d9c4e915617822adc8
<==        Row: 4, BAT-202512-0004, 王五, 56999.00, 2025-12-19 16:00:00, tesla_sh, 1, null, null, <<BLOB>>, 0xbf204a47baf4b06e164afa445cf370e618d841e59f686209e09713f938dc745d
<==        Row: 5, 3, test, 12.00, 2025-12-28 01:03:26, 管理员, 1, , 我是测试, <<BLOB>>, 0x695c6c36c6a474f52abea8d7c9425fe197d436497a6f91a3178b460c6e8a70a1
<==        Row: 6, 1, 123, 123.00, 2025-12-28 01:37:00, 管理员, 3, , 12312312, <<BLOB>>, null
<==        Row: 7, 1, 12313, 1231313.00, 2025-12-28 02:42:59, 管理员, 3, , 213123, <<BLOB>>, null
<==        Row: 8, 1, 1231, 12313.00, 2025-12-28 03:29:12, 管理员, 1, , 1323123, <<BLOB>>, 0xdffb458ea2eded34ea5ca376d62eca23984936f7bf584b21f20e11ad02e4c046
<==      Total: 8
Closing non transactional SqlSession [org.apache.ibatis.session.defaults.DefaultSqlSession@11069eac]
]]></system-out>
  </testcase>
</testsuite>