<?xml version="1.0" encoding="UTF-8"?>
<testsuite xmlns:xsi="http://www.w3.org/2001/XMLSchema-instance" xsi:noNamespaceSchemaLocation="https://maven.apache.org/surefire/maven-surefire-plugin/xsd/surefire-test-report-3.0.xsd" version="3.0" name="com.bishe.UserTest" time="0.088" tests="1" errors="0" skipped="0" failures="0">
  <properties>
[...]
</properties>
  <testcase name="testGetAdmin" classname="com.bishe.UserTest" time="0.076">
    <system-out><![CDATA[Creating a new SqlSession
SqlSession [org.apache.ibatis.session.defaults.DefaultSqlSession@361f1647] was not registered for synchronization because synchronization is not active
JDBC Connection [HikariProxyConnection@2000077854 wrapping com.mysql.cj.jdbc.ConnectionImpl@7114e780] will not be managed by Spring
==>  Preparing: SELECT user_id,dept_id,username,password,nickname,email,phone,status,create_time,update_time,chain_account FROM sys_user WHERE (username = ?)
==> Parameters: admin(String)
<==    Columns: user_id, dept_id, username, password, nickname, email, phone, status, create_time, update_time, chain_account
<==        Row: 1, 1, admin, sha256$e4f41e7fa4e04ebcbc463148a91f3d6a$94f59bbf95d2e6d0325feacab82a6ce031fa75f80eb88964d7bf00ecb59bfab6, 管理员, null, null, 0, 2025-12-26 19:46:10, 2025-12-27 04:13:21, null
<==      Total: 1
Closing non transactional SqlSession [org.apache.ibatis.session.defaults.DefaultSqlSession@361f1647]
User found: admin
Password: sha256$e4f41e7fa4e04ebcbc463148a91f3d6a$94f59bbf95d2e6d0325feacab82a6ce031fa75f80eb88964d7bf00ecb59bfab6
]]></system-out>
  </testcase>
</testsuite>